\BOOKMARK [0][-]{chapter*.2}{\376\377\000B\000e\000v\000e\000z\000e\000t\000\351\000s}{}% 1
\BOOKMARK [0][-]{chapter.1}{\376\377\0001\000.\000\040\000T\000e\000c\000h\000n\000o\000l\000\363\000g\000i\000\341\000k}{}% 2
\BOOKMARK [1][-]{section.1.1}{\376\377\0001\000.\0001\000.\000\040\000R\000e\000l\000\341\000c\000i\000\363\000s\000\040\000a\000d\000a\000t\000b\000\341\000z\000i\000s\000k\000e\000z\000e\000l\001\121}{chapter.1}% 3
\BOOKMARK [2][-]{subsection.1.1.1}{\376\377\0001\000.\0001\000.\0001\000.\000\040\000F\000e\000l\000\351\000p\000\355\000t\000\351\000s}{section.1.1}% 4
\BOOKMARK [2][-]{subsection.1.1.2}{\376\377\0001\000.\0001\000.\0002\000.\000\040\000F\001\121\000b\000b\000\040\000j\000e\000l\000l\000e\000m\000z\001\121\000k}{section.1.1}% 5
\BOOKMARK [1][-]{section.1.2}{\376\377\0001\000.\0002\000.\000\040\000P\000H\000P\000-\000M\000y\000A\000d\000m\000i\000n\000\040\000-\000\040\000M\000y\000S\000Q\000L\000\040\000-\000\040\000M\000a\000r\000i\000a\000D\000B}{chapter.1}% 6
\BOOKMARK [2][-]{subsection.1.2.1}{\376\377\0001\000.\0002\000.\0001\000.\000\040\000P\000H\000P\000M\000y\000A\000d\000m\000i\000n}{section.1.2}% 7
\BOOKMARK [2][-]{subsection.1.2.2}{\376\377\0001\000.\0002\000.\0002\000.\000\040\000M\000y\000S\000Q\000L}{section.1.2}% 8
\BOOKMARK [2][-]{subsection.1.2.3}{\376\377\0001\000.\0002\000.\0003\000.\000\040\000M\000a\000r\000i\000a\000D\000B}{section.1.2}% 9
\BOOKMARK [1][-]{section.1.3}{\376\377\0001\000.\0003\000.\000\040\000R\000e\000a\000c\000t\000\040\000N\000a\000t\000i\000v\000e}{chapter.1}% 10
\BOOKMARK [2][-]{subsection.1.3.1}{\376\377\0001\000.\0003\000.\0001\000.\000\040\000A\000\040\000R\000e\000a\000c\000t}{section.1.3}% 11
\BOOKMARK [2][-]{subsection.1.3.2}{\376\377\0001\000.\0003\000.\0002\000.\000\040\000R\000e\000a\000c\000t\000\040\000D\000O\000M\000\040\000\351\000s\000\040\000V\000i\000r\000t\000u\000a\000l\000\040\000D\000O\000M}{section.1.3}% 12
\BOOKMARK [2][-]{subsection.1.3.3}{\376\377\0001\000.\0003\000.\0003\000.\000\040\000R\000e\000n\000d\000e\000r\000e\000l\000\351\000s\000i\000\040\000f\000o\000l\000y\000a\000m\000a\000t}{section.1.3}% 13
\BOOKMARK [2][-]{subsection.1.3.4}{\376\377\0001\000.\0003\000.\0004\000.\000\040\000R\000e\000a\000c\000t\000\040\000r\000e\000n\000d\000e\000r\000e\000l\000\351\000s\000\040\000m\000e\000n\000e\000t\000e}{section.1.3}% 14
\BOOKMARK [0][-]{chapter.2}{\376\377\0002\000.\000\040\000P\000r\000o\000j\000e\000k\000t\000\040\000b\000e\000m\000u\000t\000a\000t\000\341\000s\000a}{}% 15
\BOOKMARK [1][-]{section.2.1}{\376\377\0002\000.\0001\000.\000\040\000A\000d\000a\000t\000b\000\341\000z\000i\000s\000\040\000b\000e\000m\000u\000t\000a\000t\000\341\000s\000a}{chapter.2}% 16
\BOOKMARK [2][-]{subsection.2.1.1}{\376\377\0002\000.\0001\000.\0001\000.\000\040\000T\000r\000a\000n\000z\000a\000k\000c\000i\000\363\000k}{section.2.1}% 17
\BOOKMARK [2][-]{subsection.2.1.2}{\376\377\0002\000.\0001\000.\0002\000.\000\040\000H\000i\000t\000e\000l\000k\000\341\000r\000t\000y\000\341\000k}{section.2.1}% 18
\BOOKMARK [2][-]{subsection.2.1.3}{\376\377\0002\000.\0001\000.\0003\000.\000\040\000S\000z\000\341\000m\000l\000\341\000k}{section.2.1}% 19
\BOOKMARK [2][-]{subsection.2.1.4}{\376\377\0002\000.\0001\000.\0004\000.\000\040\000\334\000g\000y\000f\000e\000l\000e\000k}{section.2.1}% 20
\BOOKMARK [2][-]{subsection.2.1.5}{\376\377\0002\000.\0001\000.\0005\000.\000\040\000F\000e\000l\000h\000a\000s\000z\000n\000\341\000l\000\363\000k}{section.2.1}% 21
\BOOKMARK [2][-]{subsection.2.1.6}{\376\377\0002\000.\0001\000.\0006\000.\000\040\000K\000a\000p\000c\000s\000o\000l\000a\000t\000o\000k\000\040\000a\000z\000\040\000A\000d\000a\000t\000b\000\341\000z\000i\000s\000b\000a\000n}{section.2.1}% 22
\BOOKMARK [1][-]{section.2.2}{\376\377\0002\000.\0002\000.\000\040\000B\000a\000c\000k\000e\000n\000d\000\040\000b\000e\000m\000u\000t\000a\000t\000\341\000s\000a}{chapter.2}% 23
\BOOKMARK [2][-]{subsection.2.2.1}{\376\377\0002\000.\0002\000.\0001\000.\000\040\000L\000o\000g\000i\000n\000\040\000\351\000s\000\040\000L\000o\000g\000o\000u\000t}{section.2.2}% 24
\BOOKMARK [2][-]{subsection.2.2.2}{\376\377\0002\000.\0002\000.\0002\000.\000\040\000R\000e\000g\000i\000s\000z\000t\000r\000\341\000c\000i\000\363}{section.2.2}% 25
\BOOKMARK [2][-]{subsection.2.2.3}{\376\377\0002\000.\0002\000.\0003\000.\000\040\000S\000z\000\341\000m\000l\000\341\000k}{section.2.2}% 26
\BOOKMARK [2][-]{subsection.2.2.4}{\376\377\0002\000.\0002\000.\0004\000.\000\040\000T\000r\000a\000n\000z\000a\000k\000c\000i\000\363\000k}{section.2.2}% 27
\BOOKMARK [2][-]{subsection.2.2.5}{\376\377\0002\000.\0002\000.\0005\000.\000\040\000\334\000g\000y\000f\000e\000l\000e\000k}{section.2.2}% 28
\BOOKMARK [1][-]{section.2.3}{\376\377\0002\000.\0003\000.\000\040\000F\000r\000o\000n\000t\000e\000n\000d\000\040\000b\000e\000m\000u\000t\000a\000t\000\341\000s\000a}{chapter.2}% 29
\BOOKMARK [2][-]{subsection.2.3.1}{\376\377\0002\000.\0003\000.\0001\000.\000\040\000W\000e\000b\000o\000l\000d\000a\000l\000\040\000\341\000t\000t\000e\000k\000i\000n\000t\000\351\000s\000e}{section.2.3}% 30
\BOOKMARK [2][-]{subsection.2.3.2}{\376\377\0002\000.\0003\000.\0002\000.\000\040\000M\000e\000g\000j\000e\000l\000e\000n\000\351\000s\000\040\000\351\000s\000\040\000d\000e\000s\000i\000g\000n}{section.2.3}% 31
\BOOKMARK [2][-]{subsection.2.3.3}{\376\377\0002\000.\0003\000.\0003\000.\000\040\000F\000u\000n\000k\000c\000i\000\363\000k}{section.2.3}% 32
\BOOKMARK [2][-]{subsection.2.3.4}{\376\377\0002\000.\0003\000.\0004\000.\000\040\000B\000a\000n\000k\000i\000\040\000s\000z\000e\000m\000\351\000l\000y\000e\000s\000\040\000\374\000g\000y\000e\000k\000\040\000m\000o\000d\000\341\000l\000i\000s\000\040\000a\000b\000l\000a\000k}{section.2.3}% 33
\BOOKMARK [2][-]{subsection.2.3.5}{\376\377\0002\000.\0003\000.\0005\000.\000\040\000B\000i\000z\000t\000o\000n\000s\000\341\000g\000\040\000\351\000s\000\040\000\334\000g\000y\000f\000\351\000l\000s\000z\000o\000l\000g\000\341\000l\000a\000t}{section.2.3}% 34
\BOOKMARK [2][-]{subsection.2.3.6}{\376\377\0002\000.\0003\000.\0006\000.\000\040\000F\000u\000n\000k\000c\000i\000\363\000k\000\040\000\351\000s\000\040\000J\000e\000l\000l\000e\000m\000z\001\121\000k}{section.2.3}% 35
\BOOKMARK [2][-]{subsection.2.3.7}{\376\377\0002\000.\0003\000.\0007\000.\000\040\000K\000a\000p\000c\000s\000o\000l\000a\000t\000\040\000\351\000s\000\040\000C\000\351\000g\000i\000n\000f\000o\000r\000m\000\341\000c\000i\000\363\000k}{section.2.3}% 36
\BOOKMARK [1][-]{section.2.4}{\376\377\0002\000.\0004\000.\000\040\000W\000P\000F\000\040\000b\000e\000m\000u\000t\000a\000t\000\341\000s\000a}{chapter.2}% 37
\BOOKMARK [1][-]{section.2.5}{\376\377\0002\000.\0005\000.\000\040\000C\000\043\000\040\000.\000N\000e\000t\000\040\000W\000e\000b\000\040\000A\000P\000I}{chapter.2}% 38
\BOOKMARK [2][-]{subsection.2.5.1}{\376\377\0002\000.\0005\000.\0001\000.\000\040\000A\000\040\000P\000o\000s\000t\000m\000a\000n\000:}{section.2.5}% 39
\BOOKMARK [2][-]{subsection.2.5.2}{\376\377\0002\000.\0005\000.\0002\000.\000\040\000U\000n\000i\000t\000\040\000t\000e\000s\000z\000t\000e\000l\000\351\000s}{section.2.5}% 40
\BOOKMARK [2][-]{subsection.2.5.3}{\376\377\0002\000.\0005\000.\0003\000.\000\040\000H\000i\000b\000a\000k\000e\000r\000e\000s\000\351\000s\000\040\000\050\000D\000e\000b\000u\000g\000g\000i\000n\000g\000\051}{section.2.5}% 41
\BOOKMARK [1][-]{section.2.6}{\376\377\0002\000.\0006\000.\000\040\000S\000w\000a\000g\000g\000e\000r\000\040\000A\000P\000I\000\040\000D\000o\000k\000u\000m\000e\000n\000t\000\341\000c\000i\000\363}{chapter.2}% 42
\BOOKMARK [2][-]{subsection.2.6.1}{\376\377\0002\000.\0006\000.\0001\000.\000\040\000B\000a\000c\000k\000u\000p\000R\000e\000s\000t\000o\000r\000e}{section.2.6}% 43
\BOOKMARK [2][-]{subsection.2.6.2}{\376\377\0002\000.\0006\000.\0002\000.\000\040\000F\000i\000l\000e\000U\000p\000l\000o\000a\000d}{section.2.6}% 44
\BOOKMARK [2][-]{subsection.2.6.3}{\376\377\0002\000.\0006\000.\0003\000.\000\040\000J\000e\000l\000z\001\121}{section.2.6}% 45
\BOOKMARK [1][-]{section.2.7}{\376\377\0002\000.\0007\000.\000\040\000E\000n\000t\000i\000t\000y\000\040\000F\000r\000a\000m\000e\000w\000o\000r\000k}{chapter.2}% 46
\BOOKMARK [2][-]{subsection.2.7.1}{\376\377\0002\000.\0007\000.\0001\000.\000\040\000A\000z\000\040\000A\000D\000O\000.\000N\000E\000T\000\040\000E\000n\000t\000i\000t\000\341\000s\000-\000k\000e\000r\000e\000t\000r\000e\000n\000d\000s\000z\000e\000r\000\040}{section.2.7}% 47
\BOOKMARK [2][-]{subsection.2.7.2}{\376\377\0002\000.\0007\000.\0002\000.\000\040\000C\000R\000U\000D\000:}{section.2.7}% 48
\BOOKMARK [0][-]{chapter*.3}{\376\377\000\326\000s\000s\000z\000e\000g\000z\000\351\000s}{}% 49
\BOOKMARK [0][-]{chapter*.4}{\376\377\000I\000r\000o\000d\000a\000l\000o\000m\000j\000e\000g\000y\000z\000\351\000k}{}% 50
